mode: set
github.com/penkk55/grpc-go/helper/clean_meats.go:9.40,17.2 4 0
github.com/penkk55/grpc-go/generated/bacon.pb.go:33.32,38.2 4 0
github.com/penkk55/grpc-go/generated/bacon.pb.go:40.40,42.2 1 0
github.com/penkk55/grpc-go/generated/bacon.pb.go:44.38,44.39 0 0
github.com/penkk55/grpc-go/generated/bacon.pb.go:46.60,48.14 2 0
github.com/penkk55/grpc-go/generated/bacon.pb.go:48.14,50.34 2 0
github.com/penkk55/grpc-go/generated/bacon.pb.go:50.34,52.4 1 0
github.com/penkk55/grpc-go/generated/bacon.pb.go:53.3,53.12 1 0
github.com/penkk55/grpc-go/generated/bacon.pb.go:55.2,55.24 1 0
github.com/penkk55/grpc-go/generated/bacon.pb.go:59.51,61.2 1 0
github.com/penkk55/grpc-go/generated/bacon.pb.go:63.41,64.14 1 0
github.com/penkk55/grpc-go/generated/bacon.pb.go:64.14,66.3 1 0
github.com/penkk55/grpc-go/generated/bacon.pb.go:67.2,67.11 1 0
github.com/penkk55/grpc-go/generated/bacon.pb.go:70.41,71.14 1 0
github.com/penkk55/grpc-go/generated/bacon.pb.go:71.14,73.3 1 0
github.com/penkk55/grpc-go/generated/bacon.pb.go:74.2,74.10 1 0
github.com/penkk55/grpc-go/generated/bacon.pb.go:86.33,91.2 4 0
github.com/penkk55/grpc-go/generated/bacon.pb.go:93.41,95.2 1 0
github.com/penkk55/grpc-go/generated/bacon.pb.go:97.39,97.40 0 0
github.com/penkk55/grpc-go/generated/bacon.pb.go:99.61,101.14 2 0
github.com/penkk55/grpc-go/generated/bacon.pb.go:101.14,103.34 2 0
github.com/penkk55/grpc-go/generated/bacon.pb.go:103.34,105.4 1 0
github.com/penkk55/grpc-go/generated/bacon.pb.go:106.3,106.12 1 0
github.com/penkk55/grpc-go/generated/bacon.pb.go:108.2,108.24 1 0
github.com/penkk55/grpc-go/generated/bacon.pb.go:112.52,114.2 1 0
github.com/penkk55/grpc-go/generated/bacon.pb.go:116.42,117.14 1 0
github.com/penkk55/grpc-go/generated/bacon.pb.go:117.14,119.3 1 0
github.com/penkk55/grpc-go/generated/bacon.pb.go:120.2,120.11 1 0
github.com/penkk55/grpc-go/generated/bacon.pb.go:130.25,135.2 4 0
github.com/penkk55/grpc-go/generated/bacon.pb.go:137.33,139.2 1 0
github.com/penkk55/grpc-go/generated/bacon.pb.go:141.31,141.32 0 0
github.com/penkk55/grpc-go/generated/bacon.pb.go:143.53,145.14 2 0
github.com/penkk55/grpc-go/generated/bacon.pb.go:145.14,147.34 2 0
github.com/penkk55/grpc-go/generated/bacon.pb.go:147.34,149.4 1 0
github.com/penkk55/grpc-go/generated/bacon.pb.go:150.3,150.12 1 0
github.com/penkk55/grpc-go/generated/bacon.pb.go:152.2,152.24 1 0
github.com/penkk55/grpc-go/generated/bacon.pb.go:156.44,158.2 1 0
github.com/penkk55/grpc-go/generated/bacon.pb.go:170.39,175.2 4 0
github.com/penkk55/grpc-go/generated/bacon.pb.go:177.47,179.2 1 0
github.com/penkk55/grpc-go/generated/bacon.pb.go:181.45,181.46 0 0
github.com/penkk55/grpc-go/generated/bacon.pb.go:183.67,185.14 2 0
github.com/penkk55/grpc-go/generated/bacon.pb.go:185.14,187.34 2 0
github.com/penkk55/grpc-go/generated/bacon.pb.go:187.34,189.4 1 0
github.com/penkk55/grpc-go/generated/bacon.pb.go:190.3,190.12 1 0
github.com/penkk55/grpc-go/generated/bacon.pb.go:192.2,192.24 1 0
github.com/penkk55/grpc-go/generated/bacon.pb.go:196.58,198.2 1 0
github.com/penkk55/grpc-go/generated/bacon.pb.go:200.58,201.14 1 0
github.com/penkk55/grpc-go/generated/bacon.pb.go:201.14,203.3 1 0
github.com/penkk55/grpc-go/generated/bacon.pb.go:204.2,204.12 1 0
github.com/penkk55/grpc-go/generated/bacon.pb.go:245.44,246.41 1 0
github.com/penkk55/grpc-go/generated/bacon.pb.go:246.41,248.3 1 0
github.com/penkk55/grpc-go/generated/bacon.pb.go:249.2,249.37 1 0
github.com/penkk55/grpc-go/generated/bacon.pb.go:273.13,273.40 1 0
github.com/penkk55/grpc-go/generated/bacon.pb.go:274.30,275.29 1 0
github.com/penkk55/grpc-go/generated/bacon.pb.go:275.29,277.3 1 0
github.com/penkk55/grpc-go/generated/bacon.pb.go:278.2,295.32 6 0
github.com/penkk55/grpc-go/generated/bacon_grpc.pb.go:38.76,40.2 1 0
github.com/penkk55/grpc-go/generated/bacon_grpc.pb.go:42.127,46.16 4 0
github.com/penkk55/grpc-go/generated/bacon_grpc.pb.go:46.16,48.3 1 0
github.com/penkk55/grpc-go/generated/bacon_grpc.pb.go:49.2,49.17 1 0
github.com/penkk55/grpc-go/generated/bacon_grpc.pb.go:69.105,71.2 1 0
github.com/penkk55/grpc-go/generated/bacon_grpc.pb.go:72.84,72.85 0 0
github.com/penkk55/grpc-go/generated/bacon_grpc.pb.go:73.84,73.85 0 0
github.com/penkk55/grpc-go/generated/bacon_grpc.pb.go:82.82,87.59 1 0
github.com/penkk55/grpc-go/generated/bacon_grpc.pb.go:87.59,89.3 1 0
github.com/penkk55/grpc-go/generated/bacon_grpc.pb.go:90.2,90.51 1 0
github.com/penkk55/grpc-go/generated/bacon_grpc.pb.go:93.166,95.32 2 0
github.com/penkk55/grpc-go/generated/bacon_grpc.pb.go:95.32,97.3 1 0
github.com/penkk55/grpc-go/generated/bacon_grpc.pb.go:98.2,98.24 1 0
github.com/penkk55/grpc-go/generated/bacon_grpc.pb.go:98.24,100.3 1 0
github.com/penkk55/grpc-go/generated/bacon_grpc.pb.go:101.2,105.77 2 0
github.com/penkk55/grpc-go/generated/bacon_grpc.pb.go:105.77,107.3 1 0
github.com/penkk55/grpc-go/generated/bacon_grpc.pb.go:108.2,108.44 1 0
github.com/penkk55/grpc-go/generated/bacon_grpc.pb.go:144.88,146.2 1 0
github.com/penkk55/grpc-go/generated/bacon_grpc.pb.go:148.138,152.16 4 0
github.com/penkk55/grpc-go/generated/bacon_grpc.pb.go:152.16,154.3 1 0
github.com/penkk55/grpc-go/generated/bacon_grpc.pb.go:155.2,155.17 1 0
github.com/penkk55/grpc-go/generated/bacon_grpc.pb.go:175.116,177.2 1 0
github.com/penkk55/grpc-go/generated/bacon_grpc.pb.go:178.96,178.97 0 0
github.com/penkk55/grpc-go/generated/bacon_grpc.pb.go:179.96,179.97 0 0
github.com/penkk55/grpc-go/generated/bacon_grpc.pb.go:188.94,193.59 1 0
github.com/penkk55/grpc-go/generated/bacon_grpc.pb.go:193.59,195.3 1 0
github.com/penkk55/grpc-go/generated/bacon_grpc.pb.go:196.2,196.57 1 0
github.com/penkk55/grpc-go/generated/bacon_grpc.pb.go:199.178,201.32 2 0
github.com/penkk55/grpc-go/generated/bacon_grpc.pb.go:201.32,203.3 1 0
github.com/penkk55/grpc-go/generated/bacon_grpc.pb.go:204.2,204.24 1 0
github.com/penkk55/grpc-go/generated/bacon_grpc.pb.go:204.24,206.3 1 0
github.com/penkk55/grpc-go/generated/bacon_grpc.pb.go:207.2,211.77 2 0
github.com/penkk55/grpc-go/generated/bacon_grpc.pb.go:211.77,213.3 1 0
github.com/penkk55/grpc-go/generated/bacon_grpc.pb.go:214.2,214.44 1 0
github.com/penkk55/grpc-go/server/server.go:22.102,26.19 3 0
github.com/penkk55/grpc-go/server/server.go:26.19,28.3 1 0
github.com/penkk55/grpc-go/server/server.go:31.2,32.16 2 0
github.com/penkk55/grpc-go/server/server.go:32.16,34.3 1 0
github.com/penkk55/grpc-go/server/server.go:35.2,39.16 3 0
github.com/penkk55/grpc-go/server/server.go:39.16,41.3 1 0
github.com/penkk55/grpc-go/server/server.go:44.2,44.51 1 0
github.com/penkk55/grpc-go/server/server.go:48.107,57.16 3 0
github.com/penkk55/grpc-go/server/server.go:57.16,59.3 1 0
github.com/penkk55/grpc-go/server/server.go:60.2,63.16 3 0
github.com/penkk55/grpc-go/server/server.go:63.16,65.3 1 0
github.com/penkk55/grpc-go/server/server.go:69.2,78.29 5 0
github.com/penkk55/grpc-go/server/server.go:78.29,81.3 1 0
github.com/penkk55/grpc-go/server/server.go:84.2,84.54 1 0
github.com/penkk55/grpc-go/server/server.go:87.13,90.16 2 0
github.com/penkk55/grpc-go/server/server.go:90.16,92.3 1 0
github.com/penkk55/grpc-go/server/server.go:95.2,103.51 5 0
github.com/penkk55/grpc-go/server/server.go:103.51,105.3 1 0
github.com/penkk55/grpc-go/client/client.go:64.65,67.16 2 0
github.com/penkk55/grpc-go/client/client.go:67.16,70.3 2 0
github.com/penkk55/grpc-go/client/client.go:71.2,78.16 4 0
github.com/penkk55/grpc-go/client/client.go:78.16,81.3 2 0
github.com/penkk55/grpc-go/client/client.go:84.2,94.16 5 0
github.com/penkk55/grpc-go/client/client.go:94.16,97.3 2 0
github.com/penkk55/grpc-go/client/client.go:98.2,98.23 1 0
github.com/penkk55/grpc-go/client/client.go:102.59,105.16 2 0
github.com/penkk55/grpc-go/client/client.go:105.16,108.3 2 0
github.com/penkk55/grpc-go/client/client.go:109.2,114.16 4 0
github.com/penkk55/grpc-go/client/client.go:114.16,117.3 2 0
github.com/penkk55/grpc-go/client/client.go:127.2,132.16 4 0
github.com/penkk55/grpc-go/client/client.go:132.16,135.3 2 0
github.com/penkk55/grpc-go/client/client.go:136.2,136.23 1 0
github.com/penkk55/grpc-go/client/client.go:139.13,154.12 4 0
github.com/penkk55/grpc-go/client/client.go:154.13,160.3 0 0
github.com/penkk55/grpc-go/client/client.go:163.2,168.58 4 0
github.com/penkk55/grpc-go/client/client.go:168.58,170.3 1 0
github.com/penkk55/grpc-go/helper/clean_meats.go:9.40,17.2 4 1
